Java HotSpot(TM) 64-Bit Server VM (25.161-b12) for windows-amd64 JRE (1.8.0_161-b12), built on Dec 19 2017 17:52:25 by "java_re" with MS VC++ 10.0 (VS2010)
Memory: 4k page, physical 6272880k(2277268k free), swap 12543884k(7281016k free)
CommandLine flags: -XX:GCLogFileSize=1048576 -XX:InitialHeapSize=268435456 -XX:MaxHeapSize=268435456 -XX:+PrintGC -XX:+PrintGCDateStamps -XX:+PrintGCDetails -XX:+PrintGCTimeStamps -XX:+UseCompressedClassPointers -XX:+UseCompressedOops -XX:-UseLargePagesIndividualAllocation -XX:+UseParallelGC 
2018-03-10T15:39:44.913+0300: 1.456: [GC (Allocation Failure) [PSYoungGen: 65536K->10736K(76288K)] 65536K->24703K(251392K), 0.0110034 secs] [Times: user=0.00 sys=0.06, real=0.01 secs] 
2018-03-10T15:39:46.962+0300: 3.504: [GC (Allocation Failure) [PSYoungGen: 76272K->10742K(76288K)] 90239K->53541K(251392K), 0.1272167 secs] [Times: user=0.05 sys=0.01, real=0.13 secs] 
2018-03-10T15:39:50.189+0300: 6.731: [GC (Allocation Failure) [PSYoungGen: 76278K->10742K(76288K)] 119077K->87687K(251392K), 0.0183803 secs] [Times: user=0.06 sys=0.02, real=0.02 secs] 
2018-03-10T15:39:51.226+0300: 7.768: [GC (Allocation Failure) [PSYoungGen: 76278K->10738K(76288K)] 153223K->120009K(251392K), 0.0419422 secs] [Times: user=0.06 sys=0.02, real=0.04 secs] 
2018-03-10T15:39:53.365+0300: 9.907: [GC (Allocation Failure) [PSYoungGen: 76274K->10747K(76288K)] 185545K->150591K(251392K), 0.0189841 secs] [Times: user=0.02 sys=0.02, real=0.02 secs] 
2018-03-10T15:39:53.384+0300: 9.926: [Full GC (Ergonomics) [PSYoungGen: 10747K->0K(76288K)] [ParOldGen: 139843K->86565K(175104K)] 150591K->86565K(251392K), [Metaspace: 8904K->8904K(1056768K)], 0.0560683 secs] [Times: user=0.19 sys=0.00, real=0.06 secs] 
2018-03-10T15:39:55.546+0300: 12.088: [GC (Allocation Failure) [PSYoungGen: 65536K->10752K(40448K)] 152101K->119406K(215552K), 0.0133447 secs] [Times: user=0.02 sys=0.00, real=0.01 secs] 
2018-03-10T15:39:56.577+0300: 13.119: [GC (Allocation Failure) [PSYoungGen: 40448K->26720K(58368K)] 149102K->135382K(233472K), 0.0067522 secs] [Times: user=0.00 sys=0.00, real=0.01 secs] 
2018-03-10T15:39:57.600+0300: 14.142: [GC (Allocation Failure) [PSYoungGen: 56416K->28672K(58368K)] 165078K->150868K(233472K), 0.0125076 secs] [Times: user=0.00 sys=0.00, real=0.01 secs] 
2018-03-10T15:39:58.633+0300: 15.175: [GC (Allocation Failure) [PSYoungGen: 58368K->28672K(58368K)] 180564K->166307K(233472K), 0.0109833 secs] [Times: user=0.00 sys=0.00, real=0.01 secs] 
2018-03-10T15:39:58.644+0300: 15.186: [Full GC (Ergonomics) [PSYoungGen: 28672K->0K(58368K)] [ParOldGen: 137635K->122819K(175104K)] 166307K->122819K(233472K), [Metaspace: 9370K->9370K(1058816K)], 0.0473317 secs] [Times: user=0.13 sys=0.00, real=0.05 secs] 
2018-03-10T15:39:59.710+0300: 16.252: [GC (Allocation Failure) [PSYoungGen: 29696K->16153K(58368K)] 152515K->138981K(233472K), 0.0068736 secs] [Times: user=0.00 sys=0.00, real=0.01 secs] 
2018-03-10T15:40:00.735+0300: 17.277: [GC (Allocation Failure) [PSYoungGen: 45849K->16064K(58368K)] 168677K->154454K(233472K), 0.0077545 secs] [Times: user=0.05 sys=0.00, real=0.01 secs] 
2018-03-10T15:40:00.743+0300: 17.285: [Full GC (Ergonomics) [PSYoungGen: 16064K->0K(58368K)] [ParOldGen: 138390K->136585K(175104K)] 154454K->136585K(233472K), [Metaspace: 9373K->9373K(1058816K)], 0.0577827 secs] [Times: user=0.22 sys=0.00, real=0.06 secs] 
2018-03-10T15:40:01.823+0300: 18.365: [GC (Allocation Failure) [PSYoungGen: 29696K->15968K(58368K)] 166281K->152561K(233472K), 0.0047442 secs] [Times: user=0.02 sys=0.00, real=0.01 secs] 
2018-03-10T15:40:01.828+0300: 18.370: [Full GC (Ergonomics) [PSYoungGen: 15968K->0K(58368K)] [ParOldGen: 136593K->142051K(175104K)] 152561K->142051K(233472K), [Metaspace: 9390K->9390K(1058816K)], 0.0664238 secs] [Times: user=0.11 sys=0.00, real=0.07 secs] 
2018-03-10T15:40:02.924+0300: 19.466: [GC (Allocation Failure) [PSYoungGen: 29696K->16128K(58368K)] 171747K->158179K(233472K), 0.0053051 secs] [Times: user=0.00 sys=0.00, real=0.00 secs] 
2018-03-10T15:40:02.929+0300: 19.472: [Full GC (Ergonomics) [PSYoungGen: 16128K->0K(58368K)] [ParOldGen: 142051K->150277K(175104K)] 158179K->150277K(233472K), [Metaspace: 9394K->9394K(1058816K)], 0.0534168 secs] [Times: user=0.19 sys=0.00, real=0.05 secs] 
2018-03-10T15:40:04.004+0300: 20.546: [Full GC (Ergonomics) [PSYoungGen: 29696K->0K(58368K)] [ParOldGen: 150277K->155888K(175104K)] 179973K->155888K(233472K), [Metaspace: 9402K->9402K(1058816K)], 0.0606760 secs] [Times: user=0.13 sys=0.00, real=0.06 secs] 
2018-03-10T15:40:05.107+0300: 21.650: [Full GC (Ergonomics) [PSYoungGen: 29696K->0K(58368K)] [ParOldGen: 155888K->164025K(175104K)] 185584K->164025K(233472K), [Metaspace: 9406K->9406K(1058816K)], 0.2193611 secs] [Times: user=0.28 sys=0.00, real=0.22 secs] 
2018-03-10T15:40:05.336+0300: 21.878: [Full GC (Ergonomics) [PSYoungGen: 29696K->3826K(58368K)] [ParOldGen: 164025K->174980K(175104K)] 193721K->178807K(233472K), [Metaspace: 9414K->9414K(1058816K)], 0.0650150 secs] [Times: user=0.17 sys=0.00, real=0.07 secs] 
2018-03-10T15:40:06.425+0300: 22.967: [Full GC (Ergonomics) [PSYoungGen: 29696K->7651K(58368K)] [ParOldGen: 174980K->174862K(175104K)] 204676K->182513K(233472K), [Metaspace: 9415K->9415K(1058816K)], 0.0640061 secs] [Times: user=0.20 sys=0.00, real=0.06 secs] 
2018-03-10T15:40:07.510+0300: 24.051: [Full GC (Ergonomics) [PSYoungGen: 29696K->12008K(58368K)] [ParOldGen: 174862K->174921K(175104K)] 204558K->186930K(233472K), [Metaspace: 9415K->9415K(1058816K)], 0.0738909 secs] [Times: user=0.14 sys=0.00, real=0.07 secs] 
2018-03-10T15:40:08.606+0300: 25.147: [Full GC (Ergonomics) [PSYoungGen: 29696K->11749K(58368K)] [ParOldGen: 174921K->174763K(175104K)] 204617K->186512K(233472K), [Metaspace: 9424K->9424K(1058816K)], 0.0766677 secs] [Times: user=0.14 sys=0.00, real=0.08 secs] 
2018-03-10T15:40:08.685+0300: 25.227: [Full GC (Ergonomics) [PSYoungGen: 29696K->20701K(58368K)] [ParOldGen: 174763K->174763K(175104K)] 204459K->195464K(233472K), [Metaspace: 9424K->9424K(1058816K)], 0.0330222 secs] [Times: user=0.06 sys=0.00, real=0.03 secs] 
2018-03-10T15:40:08.721+0300: 25.262: [Full GC (Ergonomics) [PSYoungGen: 29696K->25171K(58368K)] [ParOldGen: 174763K->174763K(175104K)] 204459K->199934K(233472K), [Metaspace: 9425K->9425K(1058816K)], 0.0279692 secs] [Times: user=0.03 sys=0.00, real=0.03 secs] 
2018-03-10T15:40:09.769+0300: 26.310: [Full GC (Ergonomics) [PSYoungGen: 29696K->20681K(58368K)] [ParOldGen: 174763K->174821K(175104K)] 204459K->195503K(233472K), [Metaspace: 9433K->9433K(1058816K)], 0.0781889 secs] [Times: user=0.16 sys=0.00, real=0.08 secs] 
2018-03-10T15:40:09.849+0300: 26.390: [Full GC (Ergonomics) [PSYoungGen: 29696K->25172K(58368K)] [ParOldGen: 174821K->174821K(175104K)] 204517K->199993K(233472K), [Metaspace: 9433K->9433K(1058816K)], 0.0246667 secs] [Times: user=0.02 sys=0.00, real=0.02 secs] 
2018-03-10T15:40:09.874+0300: 26.416: [Full GC (Ergonomics) [PSYoungGen: 29696K->27420K(58368K)] [ParOldGen: 174821K->174821K(175104K)] 204517K->202242K(233472K), [Metaspace: 9433K->9433K(1058816K)], 0.0254838 secs] [Times: user=0.06 sys=0.00, real=0.03 secs] 
2018-03-10T15:40:09.900+0300: 26.442: [Full GC (Ergonomics) [PSYoungGen: 29696K->28550K(58368K)] [ParOldGen: 174821K->174821K(175104K)] 204517K->203372K(233472K), [Metaspace: 9433K->9433K(1058816K)], 0.0266466 secs] [Times: user=0.09 sys=0.00, real=0.03 secs] 
2018-03-10T15:40:09.927+0300: 26.469: [Full GC (Ergonomics) [PSYoungGen: 29695K->29116K(58368K)] [ParOldGen: 174821K->174821K(175104K)] 204517K->203938K(233472K), [Metaspace: 9433K->9433K(1058816K)], 0.0261116 secs] [Times: user=0.05 sys=0.00, real=0.03 secs] 
2018-03-10T15:40:09.954+0300: 26.496: [Full GC (Ergonomics) [PSYoungGen: 29696K->29400K(58368K)] [ParOldGen: 174821K->174821K(175104K)] 204517K->204222K(233472K), [Metaspace: 9433K->9433K(1058816K)], 0.0235779 secs] [Times: user=0.11 sys=0.00, real=0.02 secs] 
2018-03-10T15:40:09.978+0300: 26.519: [Full GC (Ergonomics) [PSYoungGen: 29692K->29547K(58368K)] [ParOldGen: 174821K->174821K(175104K)] 204514K->204369K(233472K), [Metaspace: 9433K->9433K(1058816K)], 0.0274985 secs] [Times: user=0.08 sys=0.00, real=0.03 secs] 
2018-03-10T15:40:10.006+0300: 26.547: [Full GC (Ergonomics) [PSYoungGen: 29696K->29614K(58368K)] [ParOldGen: 174821K->174821K(175104K)] 204517K->204436K(233472K), [Metaspace: 9433K->9433K(1058816K)], 0.0249911 secs] [Times: user=0.05 sys=0.00, real=0.02 secs] 
2018-03-10T15:40:10.031+0300: 26.572: [Full GC (Ergonomics) [PSYoungGen: 29695K->29652K(58368K)] [ParOldGen: 174821K->174821K(175104K)] 204517K->204474K(233472K), [Metaspace: 9433K->9433K(1058816K)], 0.0224477 secs] [Times: user=0.13 sys=0.00, real=0.02 secs] 
2018-03-10T15:40:10.053+0300: 26.595: [Full GC (Ergonomics) [PSYoungGen: 29692K->29670K(58368K)] [ParOldGen: 174821K->174821K(175104K)] 204514K->204492K(233472K), [Metaspace: 9433K->9433K(1058816K)], 0.0240679 secs] [Times: user=0.05 sys=0.00, real=0.03 secs] 
2018-03-10T15:40:10.078+0300: 26.619: [Full GC (Ergonomics) [PSYoungGen: 29696K->29683K(58368K)] [ParOldGen: 174821K->174821K(175104K)] 204517K->204505K(233472K), [Metaspace: 9433K->9433K(1058816K)], 0.0225423 secs] [Times: user=0.13 sys=0.00, real=0.02 secs] 
2018-03-10T15:40:10.100+0300: 26.642: [Full GC (Ergonomics) [PSYoungGen: 29696K->29689K(58368K)] [ParOldGen: 174821K->174821K(175104K)] 204517K->204511K(233472K), [Metaspace: 9433K->9433K(1058816K)], 0.0250603 secs] [Times: user=0.05 sys=0.00, real=0.03 secs] 
2018-03-10T15:40:10.126+0300: 26.667: [Full GC (Ergonomics) [PSYoungGen: 29696K->29695K(58368K)] [ParOldGen: 174821K->174821K(175104K)] 204517K->204517K(233472K), [Metaspace: 9433K->9433K(1058816K)], 0.0253450 secs] [Times: user=0.06 sys=0.00, real=0.03 secs] 
2018-03-10T15:40:10.151+0300: 26.693: [Full GC (Ergonomics) [PSYoungGen: 29696K->29689K(58368K)] [ParOldGen: 175063K->174945K(175104K)] 204759K->204635K(233472K), [Metaspace: 9433K->9433K(1058816K)], 0.0224396 secs] [Times: user=0.08 sys=0.00, real=0.02 secs] 
2018-03-10T15:40:10.174+0300: 26.716: [Full GC (Ergonomics) [PSYoungGen: 29696K->29695K(58368K)] [ParOldGen: 174945K->174945K(175104K)] 204641K->204641K(233472K), [Metaspace: 9433K->9433K(1058816K)], 0.0286234 secs] [Times: user=0.02 sys=0.00, real=0.03 secs] 
2018-03-10T15:40:10.203+0300: 26.744: [Full GC (Ergonomics) [PSYoungGen: 29696K->29689K(58368K)] [ParOldGen: 175101K->175026K(175104K)] 204797K->204716K(233472K), [Metaspace: 9433K->9433K(1058816K)], 0.0255378 secs] [Times: user=0.06 sys=0.00, real=0.02 secs] 
2018-03-10T15:40:10.229+0300: 26.770: [Full GC (Ergonomics) [PSYoungGen: 29695K->29689K(58368K)] [ParOldGen: 175064K->175045K(175104K)] 204759K->204735K(233472K), [Metaspace: 9433K->9433K(1058816K)], 0.0257845 secs] [Times: user=0.09 sys=0.00, real=0.03 secs] 
2018-03-10T15:40:10.255+0300: 26.796: [Full GC (Ergonomics) [PSYoungGen: 29696K->29690K(58368K)] [ParOldGen: 175101K->175076K(175104K)] 204797K->204766K(233472K), [Metaspace: 9433K->9433K(1058816K)], 0.0249510 secs] [Times: user=0.05 sys=0.00, real=0.02 secs] 
2018-03-10T15:40:10.280+0300: 26.822: [Full GC (Ergonomics) [PSYoungGen: 29695K->29690K(58368K)] [ParOldGen: 175101K->175089K(175104K)] 204796K->204779K(233472K), [Metaspace: 9433K->9433K(1058816K)], 0.0247778 secs] [Times: user=0.11 sys=0.00, real=0.03 secs] 
2018-03-10T15:40:10.305+0300: 26.847: [Full GC (Ergonomics) [PSYoungGen: 29694K->29690K(58368K)] [ParOldGen: 175101K->175095K(175104K)] 204796K->204785K(233472K), [Metaspace: 9433K->9433K(1058816K)], 0.0247029 secs] [Times: user=0.06 sys=0.00, real=0.02 secs] 
2018-03-10T15:40:10.330+0300: 26.871: [Full GC (Ergonomics) [PSYoungGen: 29694K->29690K(58368K)] [ParOldGen: 175101K->175095K(175104K)] 204796K->204786K(233472K), [Metaspace: 9433K->9433K(1058816K)], 0.0249055 secs] [Times: user=0.02 sys=0.00, real=0.03 secs] 
2018-03-10T15:40:10.355+0300: 26.897: [Full GC (Ergonomics) [PSYoungGen: 29692K->29691K(58368K)] [ParOldGen: 175101K->175101K(175104K)] 204794K->204792K(233472K), [Metaspace: 9433K->9433K(1058816K)], 0.0244708 secs] [Times: user=0.11 sys=0.00, real=0.02 secs] 
2018-03-10T15:40:10.380+0300: 26.921: [Full GC (Allocation Failure) [PSYoungGen: 29691K->29691K(58368K)] [ParOldGen: 175101K->174688K(175104K)] 204792K->204379K(233472K), [Metaspace: 9433K->9245K(1058816K)], 0.0852334 secs] [Times: user=0.20 sys=0.00, real=0.08 secs] 
2018-03-10T15:40:10.465+0300: 27.007: [Full GC (Ergonomics) [PSYoungGen: 29695K->29691K(58368K)] [ParOldGen: 174982K->174832K(175104K)] 204677K->204524K(233472K), [Metaspace: 9245K->9245K(1058816K)], 0.0245717 secs] [Times: user=0.09 sys=0.00, real=0.03 secs] 
2018-03-10T15:40:10.490+0300: 27.032: [Full GC (Ergonomics) [PSYoungGen: 29696K->29692K(58368K)] [ParOldGen: 175103K->174971K(175104K)] 204799K->204663K(233472K), [Metaspace: 9245K->9245K(1058816K)], 0.0227542 secs] [Times: user=0.06 sys=0.00, real=0.02 secs] 
2018-03-10T15:40:10.513+0300: 27.055: [Full GC (Ergonomics) [PSYoungGen: 29696K->29692K(58368K)] [ParOldGen: 175097K->175034K(175104K)] 204793K->204727K(233472K), [Metaspace: 9245K->9245K(1058816K)], 0.0262678 secs] [Times: user=0.08 sys=0.00, real=0.03 secs] 
2018-03-10T15:40:10.540+0300: 27.081: [Full GC (Ergonomics) [PSYoungGen: 29696K->29694K(58368K)] [ParOldGen: 175040K->175034K(175104K)] 204736K->204729K(233472K), [Metaspace: 9246K->9246K(1058816K)], 0.0255355 secs] [Times: user=0.09 sys=0.00, real=0.03 secs] 
2018-03-10T15:40:10.565+0300: 27.107: [Full GC (Ergonomics) [PSYoungGen: 29694K->29694K(58368K)] [ParOldGen: 175034K->175034K(175104K)] 204729K->204729K(233472K), [Metaspace: 9246K->9246K(1058816K)], 0.0255418 secs] [Times: user=0.01 sys=0.00, real=0.03 secs] 
2018-03-10T15:40:10.591+0300: 27.133: [Full GC (Ergonomics) [PSYoungGen: 29696K->29694K(58368K)] [ParOldGen: 175098K->175066K(175104K)] 204794K->204760K(233472K), [Metaspace: 9246K->9246K(1058816K)], 0.0223361 secs] [Times: user=0.11 sys=0.00, real=0.02 secs] 
2018-03-10T15:40:10.614+0300: 27.155: [Full GC (Ergonomics) [PSYoungGen: 29696K->29694K(58368K)] [ParOldGen: 175098K->175085K(175104K)] 204794K->204780K(233472K), [Metaspace: 9246K->9246K(1058816K)], 0.0244142 secs] [Times: user=0.05 sys=0.00, real=0.02 secs] 
2018-03-10T15:40:10.638+0300: 27.180: [Full GC (Ergonomics) [PSYoungGen: 29696K->29694K(58368K)] [ParOldGen: 175098K->175091K(175104K)] 204794K->204786K(233472K), [Metaspace: 9247K->9247K(1058816K)], 0.0250371 secs] [Times: user=0.06 sys=0.00, real=0.03 secs] 
2018-03-10T15:40:10.664+0300: 27.205: [Full GC (Ergonomics) [PSYoungGen: 29696K->29695K(58368K)] [ParOldGen: 175098K->175091K(175104K)] 204794K->204786K(233472K), [Metaspace: 9247K->9247K(1058816K)], 0.0232286 secs] [Times: user=0.06 sys=0.00, real=0.02 secs] 
2018-03-10T15:40:10.687+0300: 27.229: [Full GC (Ergonomics) [PSYoungGen: 29696K->29695K(58368K)] [ParOldGen: 175098K->175098K(175104K)] 204794K->204793K(233472K), [Metaspace: 9247K->9247K(1058816K)], 0.0231125 secs] [Times: user=0.06 sys=0.00, real=0.02 secs] 
2018-03-10T15:40:10.710+0300: 27.252: [Full GC (Allocation Failure) [PSYoungGen: 29695K->29695K(58368K)] [ParOldGen: 175098K->175098K(175104K)] 204793K->204793K(233472K), [Metaspace: 9247K->9247K(1058816K)], 0.0246846 secs] [Times: user=0.06 sys=0.00, real=0.02 secs] 
2018-03-10T15:40:10.735+0300: 27.277: [Full GC (Ergonomics) [PSYoungGen: 29696K->29695K(58368K)] [ParOldGen: 175099K->175092K(175104K)] 204795K->204788K(233472K), [Metaspace: 9248K->9248K(1058816K)], 0.0243392 secs] [Times: user=0.06 sys=0.00, real=0.03 secs] 
2018-03-10T15:40:10.760+0300: 27.301: [Full GC (Ergonomics) [PSYoungGen: 29696K->29695K(58368K)] [ParOldGen: 175092K->175092K(175104K)] 204788K->204788K(233472K), [Metaspace: 9248K->9248K(1058816K)], 0.0237863 secs] [Times: user=0.08 sys=0.00, real=0.02 secs] 
2018-03-10T15:40:10.784+0300: 27.326: [Full GC (Ergonomics) [PSYoungGen: 29696K->29695K(58368K)] [ParOldGen: 175092K->175092K(175104K)] 204788K->204788K(233472K), [Metaspace: 9248K->9248K(1058816K)], 0.0233624 secs] [Times: user=0.02 sys=0.00, real=0.02 secs] 
2018-03-10T15:40:10.808+0300: 27.349: [Full GC (Ergonomics) [PSYoungGen: 29696K->29696K(58368K)] [ParOldGen: 175092K->175092K(175104K)] 204788K->204788K(233472K), [Metaspace: 9248K->9248K(1058816K)], 0.0244409 secs] [Times: user=0.11 sys=0.00, real=0.02 secs] 
2018-03-10T15:40:10.833+0300: 27.374: [Full GC (Ergonomics) [PSYoungGen: 29696K->29695K(58368K)] [ParOldGen: 175094K->175094K(175104K)] 204790K->204789K(233472K), [Metaspace: 9248K->9248K(1058816K)], 0.0643747 secs] [Times: user=0.20 sys=0.00, real=0.06 secs] 
2018-03-10T15:40:10.897+0300: 27.439: [Full GC (Ergonomics) [PSYoungGen: 29695K->29695K(58368K)] [ParOldGen: 175094K->175094K(175104K)] 204789K->204789K(233472K), [Metaspace: 9248K->9248K(1058816K)], 0.0234387 secs] [Times: user=0.05 sys=0.00, real=0.02 secs] 
2018-03-10T15:40:10.921+0300: 27.463: [Full GC (Ergonomics) [PSYoungGen: 29695K->29687K(58368K)] [ParOldGen: 175096K->175093K(175104K)] 204792K->204781K(233472K), [Metaspace: 9248K->9248K(1058816K)], 0.0589313 secs] [Times: user=0.20 sys=0.00, real=0.06 secs] 
2018-03-10T15:40:10.980+0300: 27.522: [Full GC (Ergonomics) [PSYoungGen: 29694K->29689K(58368K)] [ParOldGen: 175093K->175092K(175104K)] 204787K->204782K(233472K), [Metaspace: 9251K->9251K(1058816K)], 0.0219515 secs] [Times: user=0.13 sys=0.00, real=0.02 secs] 
2018-03-10T15:40:11.003+0300: 27.544: [Full GC (Ergonomics) [PSYoungGen: 29696K->29691K(58368K)] [ParOldGen: 175092K->175092K(175104K)] 204788K->204783K(233472K), [Metaspace: 9256K->9256K(1058816K)], 0.0355206 secs] [Times: user=0.05 sys=0.00, real=0.04 secs] 
2018-03-10T15:40:11.039+0300: 27.580: [Full GC (Ergonomics) [PSYoungGen: 29696K->29692K(58368K)] [ParOldGen: 175092K->175092K(175104K)] 204788K->204785K(233472K), [Metaspace: 9257K->9257K(1058816K)], 0.0298893 secs] [Times: user=0.08 sys=0.00, real=0.03 secs] 
2018-03-10T15:40:11.069+0300: 27.611: [Full GC (Ergonomics) [PSYoungGen: 29696K->29694K(58368K)] [ParOldGen: 175092K->175092K(175104K)] 204788K->204786K(233472K), [Metaspace: 9257K->9257K(1058816K)], 0.0263543 secs] [Times: user=0.06 sys=0.00, real=0.03 secs] 
2018-03-10T15:40:11.096+0300: 27.637: [Full GC (Ergonomics) [PSYoungGen: 29696K->29690K(58368K)] [ParOldGen: 175092K->175090K(175104K)] 204788K->204780K(233472K), [Metaspace: 9257K->9257K(1058816K)], 0.0595890 secs] [Times: user=0.11 sys=0.00, real=0.06 secs] 
2018-03-10T15:40:11.155+0300: 27.697: [Full GC (Ergonomics) [PSYoungGen: 29696K->29691K(58368K)] [ParOldGen: 175090K->175090K(175104K)] 204786K->204781K(233472K), [Metaspace: 9257K->9257K(1058816K)], 0.0620361 secs] [Times: user=0.16 sys=0.00, real=0.06 secs] 
2018-03-10T15:40:11.218+0300: 27.760: [Full GC (Ergonomics) [PSYoungGen: 29696K->29692K(58368K)] [ParOldGen: 175090K->175090K(175104K)] 204786K->204783K(233472K), [Metaspace: 9258K->9258K(1058816K)], 0.0228399 secs] [Times: user=0.11 sys=0.00, real=0.02 secs] 
2018-03-10T15:40:11.241+0300: 27.783: [Full GC (Ergonomics) [PSYoungGen: 29696K->29693K(58368K)] [ParOldGen: 175090K->175090K(175104K)] 204786K->204784K(233472K), [Metaspace: 9258K->9258K(1058816K)], 0.0220608 secs] [Times: user=0.06 sys=0.00, real=0.02 secs] 
2018-03-10T15:40:11.264+0300: 27.805: [Full GC (Ergonomics) [PSYoungGen: 29695K->29693K(58368K)] [ParOldGen: 175090K->175089K(175104K)] 204786K->204782K(233472K), [Metaspace: 9258K->9258K(1058816K)], 0.0709253 secs] [Times: user=0.20 sys=0.00, real=0.07 secs] 
2018-03-10T15:40:11.335+0300: 27.877: [Full GC (Ergonomics) 